<?xml version="1.0" encoding="UTF-8"?>
<!-- Generated by org.testng.reporters.JUnitXMLReporter -->
<testsuite hostname="DESKTOP-18T66DG" name="Validating sha avg data" tests="1" failures="0" timestamp="31 Jan 2023 11:31:58 GMT" time="0.003" errors="0">
  <testcase name="@BeforeTest sha_avgdata_database" time="0.0" classname="Charts.E_Boarding_Reports.Sha_dwelltime_validation">
    <failure type="java.lang.IllegalStateException" message="The driver executable must exist: C:\chromedriver.exe">
      <![CDATA[java.lang.IllegalStateException: The driver executable must exist: C:\chromedriver.exe
	at org.openqa.selenium.internal.Require$FileStateChecker.isFile(Require.java:342)
	at org.openqa.selenium.remote.service.DriverService.checkExecutable(DriverService.java:147)
	at org.openqa.selenium.remote.service.DriverService.findExecutable(DriverService.java:142)
	at org.openqa.selenium.chrome.ChromeDriverService.access$000(ChromeDriverService.java:39)
	at org.openqa.selenium.chrome.ChromeDriverService$Builder.findDefaultExecutable(ChromeDriverService.java:233)
	at org.openqa.selenium.remote.service.DriverService$Builder.build(DriverService.java:437)
	at org.openqa.selenium.chrome.ChromeDriverService.createDefaultService(ChromeDriverService.java:128)
	at org.openqa.selenium.chrome.ChromeDriver.<init>(ChromeDriver.java:49)
	at resources.base.initializeDriver(base.java:55)
	at Charts.E_Boarding_Reports.Sha_dwelltime_validation.sha_avgdata_database(Sha_dwelltime_validation.java:23)
	at org.apache.maven.surefire.testng.TestNGExecutor.run(TestNGExecutor.java:281)
	at org.apache.maven.surefire.testng.TestNGXmlTestSuite.execute(TestNGXmlTestSuite.java:75)
	at org.apache.maven.surefire.testng.TestNGProvider.invoke(TestNGProvider.java:121)
	at org.apache.maven.surefire.booter.ForkedBooter.invokeProviderInSameClassLoader(ForkedBooter.java:290)
	at org.apache.maven.surefire.booter.ForkedBooter.runSuitesInProcess(ForkedBooter.java:242)
	at org.apache.maven.surefire.booter.ForkedBooter.main(ForkedBooter.java:121)
... Removed 19 stack frames]]>
    </failure>
  </testcase> <!-- @BeforeTest sha_avgdata_database -->
  <testcase name="@AfterTest teardown" time="0.0" classname="Charts.E_Boarding_Reports.Sha_dwelltime_validation">
    <skipped/>
  </testcase> <!-- @AfterTest teardown -->
  <testcase name="sha_avg" time="0.001" classname="Charts.E_Boarding_Reports.Sha_dwelltime_validation">
    <skipped/>
  </testcase> <!-- sha_avg -->
</testsuite> <!-- Validating sha avg data -->
