<?xml version="1.0" encoding="UTF-8"?>
<testng-results skipped="4" failed="0" total="5" passed="1">
  <reporter-output>
  </reporter-output>
  <suite name="Suite" duration-ms="273" started-at="2023-01-31T11:31:57Z" finished-at="2023-01-31T11:31:58Z">
    <groups>
    </groups>
    <test name="Test" duration-ms="17" started-at="2023-01-31T11:31:57Z" finished-at="2023-01-31T11:31:57Z">
      <class name="Charts.E_Boarding_Reports.Test_info">
        <test-method status="PASS" signature="sample()[pri:0, instance:Charts.E_Boarding_Reports.Test_info@2f9f7dcf]" name="sample" duration-ms="6" started-at="2023-01-31T17:01:57Z" finished-at="2023-01-31T17:01:57Z">
          <reporter-output>
          </reporter-output>
        </test-method> <!-- sample -->
      </class> <!-- Charts.E_Boarding_Reports.Test_info -->
    </test> <!-- Test -->
    <test name="Validating navigation bar" duration-ms="32" started-at="2023-01-31T11:31:57Z" finished-at="2023-01-31T11:31:58Z">
      <class name="Charts.E_Boarding_Reports.Validate_navigation_url">
        <test-method status="FAIL" signature="initilize_browser()[pri:0, instance:Charts.E_Boarding_Reports.Validate_navigation_url@55182842]" name="initilize_browser" is-config="true" duration-ms="0" started-at="2023-01-31T17:01:57Z" finished-at="2023-01-31T17:01:57Z">
          <exception class="java.lang.IllegalStateException">
            <message>
              <![CDATA[The driver executable must exist: C:\chromedriver.exe]]>
            </message>
            <full-stacktrace>
              <![CDATA[java.lang.IllegalStateException: The driver executable must exist: C:\chromedriver.exe
	at org.openqa.selenium.internal.Require$FileStateChecker.isFile(Require.java:342)
	at org.openqa.selenium.remote.service.DriverService.checkExecutable(DriverService.java:147)
	at org.openqa.selenium.remote.service.DriverService.findExecutable(DriverService.java:142)
	at org.openqa.selenium.chrome.ChromeDriverService.access$000(ChromeDriverService.java:39)
	at org.openqa.selenium.chrome.ChromeDriverService$Builder.findDefaultExecutable(ChromeDriverService.java:233)
	at org.openqa.selenium.remote.service.DriverService$Builder.build(DriverService.java:437)
	at org.openqa.selenium.chrome.ChromeDriverService.createDefaultService(ChromeDriverService.java:128)
	at org.openqa.selenium.chrome.ChromeDriver.<init>(ChromeDriver.java:49)
	at resources.base.initializeDriver(base.java:55)
	at Charts.E_Boarding_Reports.Validate_navigation_url.initilize_browser(Validate_navigation_url.java:23)
	at sun.reflect.NativeMethodAccessorImpl.invoke0(Native Method)
	at sun.reflect.NativeMethodAccessorImpl.invoke(NativeMethodAccessorImpl.java:62)
	at sun.reflect.DelegatingMethodAccessorImpl.invoke(DelegatingMethodAccessorImpl.java:43)
	at java.lang.reflect.Method.invoke(Method.java:498)
	at org.testng.internal.MethodInvocationHelper.invokeMethod(MethodInvocationHelper.java:80)
	at org.testng.internal.Invoker.invokeConfigurationMethod(Invoker.java:564)
	at org.testng.internal.Invoker.invokeConfigurations(Invoker.java:213)
	at org.testng.internal.Invoker.invokeConfigurations(Invoker.java:138)
	at org.testng.TestRunner.beforeRun(TestRunner.java:641)
	at org.testng.TestRunner.run(TestRunner.java:609)
	at org.testng.SuiteRunner.runTest(SuiteRunner.java:334)
	at org.testng.SuiteRunner.runSequentially(SuiteRunner.java:329)
	at org.testng.SuiteRunner.privateRun(SuiteRunner.java:291)
	at org.testng.SuiteRunner.run(SuiteRunner.java:240)
	at org.testng.SuiteRunnerWorker.runSuite(SuiteRunnerWorker.java:52)
	at org.testng.SuiteRunnerWorker.run(SuiteRunnerWorker.java:86)
	at org.testng.TestNG.runSuitesSequentially(TestNG.java:1198)
	at org.testng.TestNG.runSuitesLocally(TestNG.java:1123)
	at org.testng.TestNG.run(TestNG.java:1031)
	at org.apache.maven.surefire.testng.TestNGExecutor.run(TestNGExecutor.java:281)
	at org.apache.maven.surefire.testng.TestNGXmlTestSuite.execute(TestNGXmlTestSuite.java:75)
	at org.apache.maven.surefire.testng.TestNGProvider.invoke(TestNGProvider.java:121)
	at org.apache.maven.surefire.booter.ForkedBooter.invokeProviderInSameClassLoader(ForkedBooter.java:290)
	at org.apache.maven.surefire.booter.ForkedBooter.runSuitesInProcess(ForkedBooter.java:242)
	at org.apache.maven.surefire.booter.ForkedBooter.main(ForkedBooter.java:121)
]]>
            </full-stacktrace>
          </exception> <!-- java.lang.IllegalStateException -->
          <reporter-output>
          </reporter-output>
        </test-method> <!-- initilize_browser -->
        <test-method status="SKIP" signature="Validate_url()[pri:0, instance:Charts.E_Boarding_Reports.Validate_navigation_url@55182842]" name="Validate_url" duration-ms="0" started-at="2023-01-31T17:01:58Z" finished-at="2023-01-31T17:01:58Z">
          <reporter-output>
          </reporter-output>
        </test-method> <!-- Validate_url -->
        <test-method status="SKIP" signature="teardown()[pri:0, instance:Charts.E_Boarding_Reports.Validate_navigation_url@55182842]" name="teardown" is-config="true" duration-ms="0" started-at="2023-01-31T17:01:58Z" finished-at="2023-01-31T17:01:58Z">
          <reporter-output>
          </reporter-output>
        </test-method> <!-- teardown -->
      </class> <!-- Charts.E_Boarding_Reports.Validate_navigation_url -->
    </test> <!-- Validating navigation bar -->
    <test name="Validating title" duration-ms="3" started-at="2023-01-31T11:31:58Z" finished-at="2023-01-31T11:31:58Z">
      <class name="Charts.E_Boarding_Reports.Validate_titlebar">
        <test-method status="FAIL" signature="initilize_browser()[pri:0, instance:Charts.E_Boarding_Reports.Validate_titlebar@71d44a3]" name="initilize_browser" is-config="true" duration-ms="0" started-at="2023-01-31T17:01:58Z" finished-at="2023-01-31T17:01:58Z">
          <exception class="java.lang.IllegalStateException">
            <message>
              <![CDATA[The driver executable must exist: C:\chromedriver.exe]]>
            </message>
            <full-stacktrace>
              <![CDATA[java.lang.IllegalStateException: The driver executable must exist: C:\chromedriver.exe
	at org.openqa.selenium.internal.Require$FileStateChecker.isFile(Require.java:342)
	at org.openqa.selenium.remote.service.DriverService.checkExecutable(DriverService.java:147)
	at org.openqa.selenium.remote.service.DriverService.findExecutable(DriverService.java:142)
	at org.openqa.selenium.chrome.ChromeDriverService.access$000(ChromeDriverService.java:39)
	at org.openqa.selenium.chrome.ChromeDriverService$Builder.findDefaultExecutable(ChromeDriverService.java:233)
	at org.openqa.selenium.remote.service.DriverService$Builder.build(DriverService.java:437)
	at org.openqa.selenium.chrome.ChromeDriverService.createDefaultService(ChromeDriverService.java:128)
	at org.openqa.selenium.chrome.ChromeDriver.<init>(ChromeDriver.java:49)
	at resources.base.initializeDriver(base.java:55)
	at Charts.E_Boarding_Reports.Validate_titlebar.initilize_browser(Validate_titlebar.java:21)
	at sun.reflect.NativeMethodAccessorImpl.invoke0(Native Method)
	at sun.reflect.NativeMethodAccessorImpl.invoke(NativeMethodAccessorImpl.java:62)
	at sun.reflect.DelegatingMethodAccessorImpl.invoke(DelegatingMethodAccessorImpl.java:43)
	at java.lang.reflect.Method.invoke(Method.java:498)
	at org.testng.internal.MethodInvocationHelper.invokeMethod(MethodInvocationHelper.java:80)
	at org.testng.internal.Invoker.invokeConfigurationMethod(Invoker.java:564)
	at org.testng.internal.Invoker.invokeConfigurations(Invoker.java:213)
	at org.testng.internal.Invoker.invokeConfigurations(Invoker.java:138)
	at org.testng.TestRunner.beforeRun(TestRunner.java:641)
	at org.testng.TestRunner.run(TestRunner.java:609)
	at org.testng.SuiteRunner.runTest(SuiteRunner.java:334)
	at org.testng.SuiteRunner.runSequentially(SuiteRunner.java:329)
	at org.testng.SuiteRunner.privateRun(SuiteRunner.java:291)
	at org.testng.SuiteRunner.run(SuiteRunner.java:240)
	at org.testng.SuiteRunnerWorker.runSuite(SuiteRunnerWorker.java:52)
	at org.testng.SuiteRunnerWorker.run(SuiteRunnerWorker.java:86)
	at org.testng.TestNG.runSuitesSequentially(TestNG.java:1198)
	at org.testng.TestNG.runSuitesLocally(TestNG.java:1123)
	at org.testng.TestNG.run(TestNG.java:1031)
	at org.apache.maven.surefire.testng.TestNGExecutor.run(TestNGExecutor.java:281)
	at org.apache.maven.surefire.testng.TestNGXmlTestSuite.execute(TestNGXmlTestSuite.java:75)
	at org.apache.maven.surefire.testng.TestNGProvider.invoke(TestNGProvider.java:121)
	at org.apache.maven.surefire.booter.ForkedBooter.invokeProviderInSameClassLoader(ForkedBooter.java:290)
	at org.apache.maven.surefire.booter.ForkedBooter.runSuitesInProcess(ForkedBooter.java:242)
	at org.apache.maven.surefire.booter.ForkedBooter.main(ForkedBooter.java:121)
]]>
            </full-stacktrace>
          </exception> <!-- java.lang.IllegalStateException -->
          <reporter-output>
          </reporter-output>
        </test-method> <!-- initilize_browser -->
        <test-method status="SKIP" signature="titlebar()[pri:0, instance:Charts.E_Boarding_Reports.Validate_titlebar@71d44a3]" name="titlebar" duration-ms="0" started-at="2023-01-31T17:01:58Z" finished-at="2023-01-31T17:01:58Z">
          <reporter-output>
          </reporter-output>
        </test-method> <!-- titlebar -->
        <test-method status="SKIP" signature="teardown()[pri:0, instance:Charts.E_Boarding_Reports.Validate_titlebar@71d44a3]" name="teardown" is-config="true" duration-ms="0" started-at="2023-01-31T17:01:58Z" finished-at="2023-01-31T17:01:58Z">
          <reporter-output>
          </reporter-output>
        </test-method> <!-- teardown -->
      </class> <!-- Charts.E_Boarding_Reports.Validate_titlebar -->
    </test> <!-- Validating title -->
    <test name="Validating loginpage" duration-ms="3" started-at="2023-01-31T11:31:58Z" finished-at="2023-01-31T11:31:58Z">
      <class name="Charts.E_Boarding_Reports.Login_page_verification">
        <test-method status="FAIL" signature="initializebrowser()[pri:0, instance:Charts.E_Boarding_Reports.Login_page_verification@1bb5a082]" name="initializebrowser" is-config="true" duration-ms="0" started-at="2023-01-31T17:01:58Z" finished-at="2023-01-31T17:01:58Z">
          <exception class="java.lang.IllegalStateException">
            <message>
              <![CDATA[The driver executable must exist: C:\chromedriver.exe]]>
            </message>
            <full-stacktrace>
              <![CDATA[java.lang.IllegalStateException: The driver executable must exist: C:\chromedriver.exe
	at org.openqa.selenium.internal.Require$FileStateChecker.isFile(Require.java:342)
	at org.openqa.selenium.remote.service.DriverService.checkExecutable(DriverService.java:147)
	at org.openqa.selenium.remote.service.DriverService.findExecutable(DriverService.java:142)
	at org.openqa.selenium.chrome.ChromeDriverService.access$000(ChromeDriverService.java:39)
	at org.openqa.selenium.chrome.ChromeDriverService$Builder.findDefaultExecutable(ChromeDriverService.java:233)
	at org.openqa.selenium.remote.service.DriverService$Builder.build(DriverService.java:437)
	at org.openqa.selenium.chrome.ChromeDriverService.createDefaultService(ChromeDriverService.java:128)
	at org.openqa.selenium.chrome.ChromeDriver.<init>(ChromeDriver.java:49)
	at resources.base.initializeDriver(base.java:55)
	at Charts.E_Boarding_Reports.Login_page_verification.initializebrowser(Login_page_verification.java:19)
	at sun.reflect.NativeMethodAccessorImpl.invoke0(Native Method)
	at sun.reflect.NativeMethodAccessorImpl.invoke(NativeMethodAccessorImpl.java:62)
	at sun.reflect.DelegatingMethodAccessorImpl.invoke(DelegatingMethodAccessorImpl.java:43)
	at java.lang.reflect.Method.invoke(Method.java:498)
	at org.testng.internal.MethodInvocationHelper.invokeMethod(MethodInvocationHelper.java:80)
	at org.testng.internal.Invoker.invokeConfigurationMethod(Invoker.java:564)
	at org.testng.internal.Invoker.invokeConfigurations(Invoker.java:213)
	at org.testng.internal.Invoker.invokeConfigurations(Invoker.java:138)
	at org.testng.TestRunner.beforeRun(TestRunner.java:641)
	at org.testng.TestRunner.run(TestRunner.java:609)
	at org.testng.SuiteRunner.runTest(SuiteRunner.java:334)
	at org.testng.SuiteRunner.runSequentially(SuiteRunner.java:329)
	at org.testng.SuiteRunner.privateRun(SuiteRunner.java:291)
	at org.testng.SuiteRunner.run(SuiteRunner.java:240)
	at org.testng.SuiteRunnerWorker.runSuite(SuiteRunnerWorker.java:52)
	at org.testng.SuiteRunnerWorker.run(SuiteRunnerWorker.java:86)
	at org.testng.TestNG.runSuitesSequentially(TestNG.java:1198)
	at org.testng.TestNG.runSuitesLocally(TestNG.java:1123)
	at org.testng.TestNG.run(TestNG.java:1031)
	at org.apache.maven.surefire.testng.TestNGExecutor.run(TestNGExecutor.java:281)
	at org.apache.maven.surefire.testng.TestNGXmlTestSuite.execute(TestNGXmlTestSuite.java:75)
	at org.apache.maven.surefire.testng.TestNGProvider.invoke(TestNGProvider.java:121)
	at org.apache.maven.surefire.booter.ForkedBooter.invokeProviderInSameClassLoader(ForkedBooter.java:290)
	at org.apache.maven.surefire.booter.ForkedBooter.runSuitesInProcess(ForkedBooter.java:242)
	at org.apache.maven.surefire.booter.ForkedBooter.main(ForkedBooter.java:121)
]]>
            </full-stacktrace>
          </exception> <!-- java.lang.IllegalStateException -->
          <reporter-output>
          </reporter-output>
        </test-method> <!-- initializebrowser -->
        <test-method status="SKIP" signature="teardown()[pri:0, instance:Charts.E_Boarding_Reports.Login_page_verification@1bb5a082]" name="teardown" is-config="true" duration-ms="0" started-at="2023-01-31T17:01:58Z" finished-at="2023-01-31T17:01:58Z">
          <reporter-output>
          </reporter-output>
        </test-method> <!-- teardown -->
        <test-method status="SKIP" signature="Login_validation()[pri:0, instance:Charts.E_Boarding_Reports.Login_page_verification@1bb5a082]" name="Login_validation" duration-ms="0" started-at="2023-01-31T17:01:58Z" finished-at="2023-01-31T17:01:58Z">
          <reporter-output>
          </reporter-output>
        </test-method> <!-- Login_validation -->
      </class> <!-- Charts.E_Boarding_Reports.Login_page_verification -->
    </test> <!-- Validating loginpage -->
    <test name="Validating sha avg data" duration-ms="3" started-at="2023-01-31T11:31:58Z" finished-at="2023-01-31T11:31:58Z">
      <class name="Charts.E_Boarding_Reports.Sha_dwelltime_validation">
        <test-method status="FAIL" signature="sha_avgdata_database()[pri:0, instance:Charts.E_Boarding_Reports.Sha_dwelltime_validation@639c2c1d]" name="sha_avgdata_database" is-config="true" duration-ms="0" started-at="2023-01-31T17:01:58Z" finished-at="2023-01-31T17:01:58Z">
          <exception class="java.lang.IllegalStateException">
            <message>
              <![CDATA[The driver executable must exist: C:\chromedriver.exe]]>
            </message>
            <full-stacktrace>
              <![CDATA[java.lang.IllegalStateException: The driver executable must exist: C:\chromedriver.exe
	at org.openqa.selenium.internal.Require$FileStateChecker.isFile(Require.java:342)
	at org.openqa.selenium.remote.service.DriverService.checkExecutable(DriverService.java:147)
	at org.openqa.selenium.remote.service.DriverService.findExecutable(DriverService.java:142)
	at org.openqa.selenium.chrome.ChromeDriverService.access$000(ChromeDriverService.java:39)
	at org.openqa.selenium.chrome.ChromeDriverService$Builder.findDefaultExecutable(ChromeDriverService.java:233)
	at org.openqa.selenium.remote.service.DriverService$Builder.build(DriverService.java:437)
	at org.openqa.selenium.chrome.ChromeDriverService.createDefaultService(ChromeDriverService.java:128)
	at org.openqa.selenium.chrome.ChromeDriver.<init>(ChromeDriver.java:49)
	at resources.base.initializeDriver(base.java:55)
	at Charts.E_Boarding_Reports.Sha_dwelltime_validation.sha_avgdata_database(Sha_dwelltime_validation.java:23)
	at sun.reflect.NativeMethodAccessorImpl.invoke0(Native Method)
	at sun.reflect.NativeMethodAccessorImpl.invoke(NativeMethodAccessorImpl.java:62)
	at sun.reflect.DelegatingMethodAccessorImpl.invoke(DelegatingMethodAccessorImpl.java:43)
	at java.lang.reflect.Method.invoke(Method.java:498)
	at org.testng.internal.MethodInvocationHelper.invokeMethod(MethodInvocationHelper.java:80)
	at org.testng.internal.Invoker.invokeConfigurationMethod(Invoker.java:564)
	at org.testng.internal.Invoker.invokeConfigurations(Invoker.java:213)
	at org.testng.internal.Invoker.invokeConfigurations(Invoker.java:138)
	at org.testng.TestRunner.beforeRun(TestRunner.java:641)
	at org.testng.TestRunner.run(TestRunner.java:609)
	at org.testng.SuiteRunner.runTest(SuiteRunner.java:334)
	at org.testng.SuiteRunner.runSequentially(SuiteRunner.java:329)
	at org.testng.SuiteRunner.privateRun(SuiteRunner.java:291)
	at org.testng.SuiteRunner.run(SuiteRunner.java:240)
	at org.testng.SuiteRunnerWorker.runSuite(SuiteRunnerWorker.java:52)
	at org.testng.SuiteRunnerWorker.run(SuiteRunnerWorker.java:86)
	at org.testng.TestNG.runSuitesSequentially(TestNG.java:1198)
	at org.testng.TestNG.runSuitesLocally(TestNG.java:1123)
	at org.testng.TestNG.run(TestNG.java:1031)
	at org.apache.maven.surefire.testng.TestNGExecutor.run(TestNGExecutor.java:281)
	at org.apache.maven.surefire.testng.TestNGXmlTestSuite.execute(TestNGXmlTestSuite.java:75)
	at org.apache.maven.surefire.testng.TestNGProvider.invoke(TestNGProvider.java:121)
	at org.apache.maven.surefire.booter.ForkedBooter.invokeProviderInSameClassLoader(ForkedBooter.java:290)
	at org.apache.maven.surefire.booter.ForkedBooter.runSuitesInProcess(ForkedBooter.java:242)
	at org.apache.maven.surefire.booter.ForkedBooter.main(ForkedBooter.java:121)
]]>
            </full-stacktrace>
          </exception> <!-- java.lang.IllegalStateException -->
          <reporter-output>
          </reporter-output>
        </test-method> <!-- sha_avgdata_database -->
        <test-method status="SKIP" signature="sha_avg()[pri:0, instance:Charts.E_Boarding_Reports.Sha_dwelltime_validation@639c2c1d]" name="sha_avg" duration-ms="1" started-at="2023-01-31T17:01:58Z" finished-at="2023-01-31T17:01:58Z">
          <reporter-output>
          </reporter-output>
        </test-method> <!-- sha_avg -->
        <test-method status="SKIP" signature="teardown()[pri:0, instance:Charts.E_Boarding_Reports.Sha_dwelltime_validation@639c2c1d]" name="teardown" is-config="true" duration-ms="0" started-at="2023-01-31T17:01:58Z" finished-at="2023-01-31T17:01:58Z">
          <reporter-output>
          </reporter-output>
        </test-method> <!-- teardown -->
      </class> <!-- Charts.E_Boarding_Reports.Sha_dwelltime_validation -->
    </test> <!-- Validating sha avg data -->
  </suite> <!-- Suite -->
</testng-results>
